<?xml version="1.0" encoding="UTF-8"?>
<!-- Generated by org.testng.reporters.JUnitReportReporter -->
<testsuite hostname="DESKTOP-N3TQJIK" failures="0" tests="1" name="Clothes.Women" time="6.209" errors="0" timestamp="2019-12-24T17:15:27 CST" skipped="0">
  <testcase classname="Clothes.Women" name="Womn" time="6.209"/>
</testsuite> <!-- Clothes.Women -->
