<?xml version="1.0" encoding="UTF-8"?>
<!-- Generated by org.testng.reporters.JUnitReportReporter -->
<testsuite hostname="DESKTOP-N3TQJIK" failures="0" tests="1" name="Clothes.DragandDrop" time="15.778" errors="0" timestamp="2019-12-24T21:05:51 CST" skipped="0">
  <testcase classname="Clothes.DragandDrop" name="f" time="15.778"/>
</testsuite> <!-- Clothes.DragandDrop -->
