<?xml version="1.0" encoding="UTF-8"?>
<!-- Generated by org.testng.reporters.JUnitReportReporter -->
<testsuite hostname="DESKTOP-N3TQJIK" failures="0" tests="2" name="Clothes.Search" time="5.885" errors="0" timestamp="2019-12-24T17:15:27 CST" skipped="0">
  <testcase classname="Clothes.Search" name="Srch" time="5.883"/>
  <testcase classname="Clothes.Search" name="f" time="0.002"/>
</testsuite> <!-- Clothes.Search -->
